<?xml version="1.0" encoding="UTF-8"?>
<!-- Generated by org.testng.reporters.JUnitReportReporter -->
<testsuite hostname="DESKTOP-MJ1HJCO" failures="0" tests="1" name="com.test.menpage" time="56.998" errors="0" timestamp="2025-01-31T16:49:21 IST" skipped="0">
  <testcase classname="com.test.menpage" name="functiontesting" time="56.998"/>
</testsuite> <!-- com.test.menpage -->
