<?xml version="1.0" encoding="UTF-8"?>
<!-- Generated by org.testng.reporters.JUnitReportReporter -->
<testsuite hostname="DESKTOP-MJ1HJCO" failures="0" tests="1" name="com.web.projecttest" time="6.089" errors="0" timestamp="2025-01-24T15:12:28 IST" skipped="0">
  <testcase classname="com.web.projecttest" name="pagetest" time="6.089"/>
</testsuite> <!-- com.web.projecttest -->
