<?xml version="1.0" encoding="UTF-8"?>
<!-- Generated by org.testng.reporters.JUnitReportReporter -->
<testsuite hostname="DESKTOP-MJ1HJCO" failures="0" tests="1" name="com.web.projecttest" time="23.145" errors="0" timestamp="2025-01-30T11:01:41 IST" skipped="0">
  <testcase classname="com.web.projecttest" name="pagetest" time="23.145"/>
</testsuite> <!-- com.web.projecttest -->
